\BOOKMARK [1][-]{section.1}{\376\377\000I\000n\000t\000r\000o\000d\000u\000c\000t\000i\000o\000n}{}% 1
\BOOKMARK [2][-]{subsection.1.1}{\376\377\000B\000a\000c\000k\000g\000r\000o\000u\000n\000d\000\040\000C\000o\000n\000c\000e\000p\000t\000s}{section.1}% 2
\BOOKMARK [3][-]{subsubsection.1.1.1}{\376\377\000A\000R\000C\000H\000\040\000M\000o\000d\000e\000l}{subsection.1.1}% 3
\BOOKMARK [3][-]{subsubsection.1.1.2}{\376\377\000G\000A\000R\000C\000H\000\040\000M\000o\000d\000e\000l}{subsection.1.1}% 4
\BOOKMARK [2][-]{subsection.1.2}{\376\377\000P\000r\000e\000l\000i\000m\000i\000n\000a\000r\000y\000\040\000W\000o\000r\000k}{section.1}% 5
\BOOKMARK [3][-]{subsubsection.1.2.1}{\376\377\000I\000m\000p\000o\000r\000t\000\040\000L\000i\000b\000r\000a\000r\000i\000e\000s}{subsection.1.2}% 6
\BOOKMARK [3][-]{subsubsection.1.2.2}{\376\377\000I\000m\000p\000o\000r\000t\000\040\000D\000a\000t\000a}{subsection.1.2}% 7
\BOOKMARK [3][-]{subsubsection.1.2.3}{\376\377\000C\000o\000m\000p\000u\000t\000e\000\040\000l\000o\000g\000-\000r\000e\000t\000u\000r\000n\000s}{subsection.1.2}% 8
\BOOKMARK [1][-]{section.2}{\376\377\000M\000o\000d\000e\000l\000\040\000F\000i\000t\000t\000i\000n\000g}{}% 9
\BOOKMARK [2][-]{subsection.2.1}{\376\377\000C\000o\000m\000p\000u\000t\000e\000\040\000E\000m\000p\000i\000r\000i\000c\000a\000l\000\040\000M\000o\000m\000e\000n\000t\000s}{section.2}% 10
\BOOKMARK [2][-]{subsection.2.2}{\376\377\000F\000i\000t\000\040\000G\000A\000R\000C\000H\000\040\000M\000o\000d\000e\000l\000s}{section.2}% 11
\BOOKMARK [3][-]{subsubsection.2.2.1}{\376\377\000C\000h\000o\000o\000s\000e\000\040\000\050\000p\000,\000q\000\051}{subsection.2.2}% 12
\BOOKMARK [3][-]{subsubsection.2.2.2}{\376\377\000F\000i\000t\000\040\000G\000A\000R\000C\000H\000\050\0001\000,\0001\000\051\000\040\000m\000o\000d\000e\000l\000s}{subsection.2.2}% 13
\BOOKMARK [2][-]{subsection.2.3}{\376\377\000G\000A\000R\000C\000H\000\040\000G\000o\000o\000d\000n\000e\000s\000s\000\040\000o\000f\000\040\000F\000i\000t\000\040\000T\000e\000s\000t\000s}{section.2}% 14
\BOOKMARK [3][-]{subsubsection.2.3.1}{\376\377\000P\000l\000o\000t\000\040\000A\000C\000F\000\040\000o\000f\000\040\000S\000t\000a\000n\000d\000a\000r\000d\000i\000z\000e\000d\000\040\000R\000e\000s\000i\000d\000u\000a\000l\000s}{subsection.2.3}% 15
\BOOKMARK [3][-]{subsubsection.2.3.2}{\376\377\000P\000l\000o\000t\000\040\000A\000C\000F\000\040\000o\000f\000\040\000S\000q\000u\000a\000r\000e\000d\000\040\000S\000t\000a\000n\000d\000a\000r\000d\000i\000z\000e\000d\000\040\000R\000e\000s\000i\000d\000u\000a\000l\000s}{subsection.2.3}% 16
\BOOKMARK [3][-]{subsubsection.2.3.3}{\376\377\000P\000l\000o\000t\000\040\000Q\000Q\000\040\000P\000l\000o\000t\000\040\000f\000o\000r\000\040\000r\000e\000s\000i\000d\000u\000a\000l\000s}{subsection.2.3}% 17
\BOOKMARK [2][-]{subsection.2.4}{\376\377\000F\000i\000t\000\040\000M\000u\000l\000t\000i\000v\000a\000r\000i\000a\000t\000e\000\040\000M\000o\000d\000e\000l}{section.2}% 18
\BOOKMARK [3][-]{subsubsection.2.4.1}{\376\377\000C\000o\000m\000p\000u\000t\000e\000\040\000S\000p\000e\000a\000r\000m\000a\000n\000'\000s\000\040\000V\000a\000r\000i\000a\000n\000c\000e\000-\000C\000o\000v\000a\000r\000i\000a\000n\000c\000e\000\040\000M\000a\000t\000r\000i\000x}{subsection.2.4}% 19
\BOOKMARK [3][-]{subsubsection.2.4.2}{\376\377\000F\000i\000t\000\040\000S\000t\000u\000d\000e\000n\000t\000'\000s\000-\000t\000\040\000C\000o\000p\000u\000l\000a}{subsection.2.4}% 20
\BOOKMARK [1][-]{section.3}{\376\377\000F\000o\000r\000e\000c\000a\000s\000t\000i\000n\000g}{}% 21
\BOOKMARK [2][-]{subsection.3.1}{\376\377\000F\000o\000r\000e\000c\000a\000s\000t\000\040\000O\000n\000e\000\040\000P\000e\000r\000i\000o\000d\000\040\000R\000e\000t\000u\000r\000n}{section.3}% 22
\BOOKMARK [2][-]{subsection.3.2}{\376\377\000H\000i\000s\000t\000o\000r\000i\000c\000a\000l\000\040\000P\000a\000y\000o\000f\000f\000s}{section.3}% 23
\BOOKMARK [2][-]{subsection.3.3}{\376\377\000C\000o\000n\000d\000u\000c\000t\000\040\000H\000i\000s\000t\000o\000r\000i\000c\000a\000l\000\040\000S\000i\000m\000u\000l\000a\000t\000i\000o\000n}{section.3}% 24
\BOOKMARK [1][-]{section.4}{\376\377\000C\000a\000s\000e\000\040\000S\000t\000u\000d\000y\000:\000\040\000C\000o\000v\000e\000r\000e\000d\000\040\000C\000a\000l\000l\000\040\000S\000t\000r\000a\000t\000e\000g\000y}{}% 25
\BOOKMARK [2][-]{subsection.4.1}{\376\377\000C\000o\000n\000c\000l\000u\000s\000i\000o\000n}{section.4}% 26
\BOOKMARK [1][-]{section.5}{\376\377\000R\000e\000f\000e\000r\000e\000n\000c\000e\000s}{}% 27
